11-17 18:30:37 com_github_MitjaNemec_PlaceFootprints.action_place_footprints 647:Plugin executed on: 'win32'
11-17 18:30:37 com_github_MitjaNemec_PlaceFootprints.action_place_footprints 648:Plugin executed with python version: '3.11.5 (main, May 10 2024, 05:24:12) [MSC v.1939 64 bit (AMD64)]'
11-17 18:30:37 com_github_MitjaNemec_PlaceFootprints.action_place_footprints 649:KiCad build version: 8.0.3
11-17 18:30:37 com_github_MitjaNemec_PlaceFootprints.action_place_footprints 650:Plugin version: 3.0.0
11-17 18:30:37 com_github_MitjaNemec_PlaceFootprints.action_place_footprints 651:Frame repr: <wx._core.Frame object at 0x00000204A005CC10>
11-17 18:30:37 com_github_MitjaNemec_PlaceFootprints.place_footprints 121:getting a list of all footprints on board
11-17 18:30:37 com_github_MitjaNemec_PlaceFootprints.place_footprints 156:Footprint S83 on root level
11-17 18:30:37 com_github_MitjaNemec_PlaceFootprints.place_footprints 156:Footprint D69 on root level
11-17 18:30:37 com_github_MitjaNemec_PlaceFootprints.place_footprints 156:Footprint S44 on root level
11-17 18:30:37 com_github_MitjaNemec_PlaceFootprints.place_footprints 156:Footprint S79 on root level
11-17 18:30:37 com_github_MitjaNemec_PlaceFootprints.place_footprints 156:Footprint D80 on root level
11-17 18:30:37 com_github_MitjaNemec_PlaceFootprints.place_footprints 156:Footprint S37 on root level
11-17 18:30:37 com_github_MitjaNemec_PlaceFootprints.place_footprints 156:Footprint S85 on root level
11-17 18:30:37 com_github_MitjaNemec_PlaceFootprints.place_footprints 156:Footprint D45 on root level
11-17 18:30:37 com_github_MitjaNemec_PlaceFootprints.place_footprints 156:Footprint D57 on root level
11-17 18:30:37 com_github_MitjaNemec_PlaceFootprints.place_footprints 156:Footprint S74 on root level
11-17 18:30:37 com_github_MitjaNemec_PlaceFootprints.place_footprints 156:Footprint S46 on root level
11-17 18:30:37 com_github_MitjaNemec_PlaceFootprints.place_footprints 156:Footprint S77 on root level
11-17 18:30:37 com_github_MitjaNemec_PlaceFootprints.place_footprints 156:Footprint D37 on root level
11-17 18:30:37 com_github_MitjaNemec_PlaceFootprints.place_footprints 156:Footprint D44 on root level
11-17 18:30:37 com_github_MitjaNemec_PlaceFootprints.place_footprints 156:Footprint D70 on root level
11-17 18:30:37 com_github_MitjaNemec_PlaceFootprints.place_footprints 156:Footprint S86 on root level
11-17 18:30:37 com_github_MitjaNemec_PlaceFootprints.place_footprints 156:Footprint S50 on root level
11-17 18:30:37 com_github_MitjaNemec_PlaceFootprints.place_footprints 156:Footprint D81 on root level
11-17 18:30:37 com_github_MitjaNemec_PlaceFootprints.place_footprints 156:Footprint S58 on root level
11-17 18:30:37 com_github_MitjaNemec_PlaceFootprints.place_footprints 156:Footprint D50 on root level
11-17 18:30:37 com_github_MitjaNemec_PlaceFootprints.place_footprints 156:Footprint S42 on root level
11-17 18:30:37 com_github_MitjaNemec_PlaceFootprints.place_footprints 156:Footprint D54 on root level
11-17 18:30:37 com_github_MitjaNemec_PlaceFootprints.place_footprints 156:Footprint S48 on root level
11-17 18:30:37 com_github_MitjaNemec_PlaceFootprints.place_footprints 156:Footprint S67 on root level
11-17 18:30:37 com_github_MitjaNemec_PlaceFootprints.place_footprints 156:Footprint D62 on root level
11-17 18:30:37 com_github_MitjaNemec_PlaceFootprints.place_footprints 156:Footprint D59 on root level
11-17 18:30:37 com_github_MitjaNemec_PlaceFootprints.place_footprints 156:Footprint D68 on root level
11-17 18:30:37 com_github_MitjaNemec_PlaceFootprints.place_footprints 156:Footprint D58 on root level
11-17 18:30:37 com_github_MitjaNemec_PlaceFootprints.place_footprints 156:Footprint S88 on root level
11-17 18:30:37 com_github_MitjaNemec_PlaceFootprints.place_footprints 156:Footprint D36 on root level
11-17 18:30:37 com_github_MitjaNemec_PlaceFootprints.place_footprints 156:Footprint D85 on root level
11-17 18:30:37 com_github_MitjaNemec_PlaceFootprints.place_footprints 156:Footprint D66 on root level
11-17 18:30:37 com_github_MitjaNemec_PlaceFootprints.place_footprints 156:Footprint D82 on root level
11-17 18:30:37 com_github_MitjaNemec_PlaceFootprints.place_footprints 156:Footprint D75 on root level
11-17 18:30:37 com_github_MitjaNemec_PlaceFootprints.place_footprints 156:Footprint D88 on root level
11-17 18:30:37 com_github_MitjaNemec_PlaceFootprints.place_footprints 156:Footprint D63 on root level
11-17 18:30:37 com_github_MitjaNemec_PlaceFootprints.place_footprints 156:Footprint S62 on root level
11-17 18:30:37 com_github_MitjaNemec_PlaceFootprints.place_footprints 156:Footprint D73 on root level
11-17 18:30:37 com_github_MitjaNemec_PlaceFootprints.place_footprints 156:Footprint D61 on root level
11-17 18:30:37 com_github_MitjaNemec_PlaceFootprints.place_footprints 156:Footprint D40 on root level
11-17 18:30:37 com_github_MitjaNemec_PlaceFootprints.place_footprints 156:Footprint D42 on root level
11-17 18:30:37 com_github_MitjaNemec_PlaceFootprints.place_footprints 156:Footprint S64 on root level
11-17 18:30:37 com_github_MitjaNemec_PlaceFootprints.place_footprints 156:Footprint D46 on root level
11-17 18:30:37 com_github_MitjaNemec_PlaceFootprints.place_footprints 156:Footprint S76 on root level
11-17 18:30:37 com_github_MitjaNemec_PlaceFootprints.place_footprints 156:Footprint D64 on root level
11-17 18:30:37 com_github_MitjaNemec_PlaceFootprints.place_footprints 156:Footprint S73 on root level
11-17 18:30:37 com_github_MitjaNemec_PlaceFootprints.place_footprints 156:Footprint D86 on root level
11-17 18:30:37 com_github_MitjaNemec_PlaceFootprints.place_footprints 156:Footprint D55 on root level
11-17 18:30:37 com_github_MitjaNemec_PlaceFootprints.place_footprints 156:Footprint S60 on root level
11-17 18:30:37 com_github_MitjaNemec_PlaceFootprints.place_footprints 156:Footprint S70 on root level
11-17 18:30:37 com_github_MitjaNemec_PlaceFootprints.place_footprints 156:Footprint D78 on root level
11-17 18:30:37 com_github_MitjaNemec_PlaceFootprints.place_footprints 156:Footprint D65 on root level
11-17 18:30:37 com_github_MitjaNemec_PlaceFootprints.place_footprints 156:Footprint D56 on root level
11-17 18:30:37 com_github_MitjaNemec_PlaceFootprints.place_footprints 156:Footprint S82 on root level
11-17 18:30:37 com_github_MitjaNemec_PlaceFootprints.place_footprints 156:Footprint D48 on root level
11-17 18:30:37 com_github_MitjaNemec_PlaceFootprints.place_footprints 156:Footprint S39 on root level
11-17 18:30:37 com_github_MitjaNemec_PlaceFootprints.place_footprints 156:Footprint D84 on root level
11-17 18:30:37 com_github_MitjaNemec_PlaceFootprints.place_footprints 156:Footprint D51 on root level
11-17 18:30:37 com_github_MitjaNemec_PlaceFootprints.place_footprints 156:Footprint S65 on root level
11-17 18:30:37 com_github_MitjaNemec_PlaceFootprints.place_footprints 156:Footprint S66 on root level
11-17 18:30:37 com_github_MitjaNemec_PlaceFootprints.place_footprints 156:Footprint S71 on root level
11-17 18:30:37 com_github_MitjaNemec_PlaceFootprints.place_footprints 156:Footprint D71 on root level
11-17 18:30:37 com_github_MitjaNemec_PlaceFootprints.place_footprints 156:Footprint S36 on root level
11-17 18:30:37 com_github_MitjaNemec_PlaceFootprints.place_footprints 156:Footprint S61 on root level
11-17 18:30:37 com_github_MitjaNemec_PlaceFootprints.place_footprints 156:Footprint S78 on root level
11-17 18:30:37 com_github_MitjaNemec_PlaceFootprints.place_footprints 156:Footprint S63 on root level
11-17 18:30:37 com_github_MitjaNemec_PlaceFootprints.place_footprints 156:Footprint D52 on root level
11-17 18:30:37 com_github_MitjaNemec_PlaceFootprints.place_footprints 156:Footprint S80 on root level
11-17 18:30:37 com_github_MitjaNemec_PlaceFootprints.place_footprints 156:Footprint D39 on root level
11-17 18:30:37 com_github_MitjaNemec_PlaceFootprints.place_footprints 156:Footprint S59 on root level
11-17 18:30:37 com_github_MitjaNemec_PlaceFootprints.place_footprints 156:Footprint S68 on root level
11-17 18:30:37 com_github_MitjaNemec_PlaceFootprints.place_footprints 156:Footprint S54 on root level
11-17 18:30:37 com_github_MitjaNemec_PlaceFootprints.place_footprints 156:Footprint S81 on root level
11-17 18:30:37 com_github_MitjaNemec_PlaceFootprints.place_footprints 156:Footprint S84 on root level
11-17 18:30:37 com_github_MitjaNemec_PlaceFootprints.place_footprints 156:Footprint D60 on root level
11-17 18:30:37 com_github_MitjaNemec_PlaceFootprints.place_footprints 156:Footprint S55 on root level
11-17 18:30:37 com_github_MitjaNemec_PlaceFootprints.place_footprints 156:Footprint D53 on root level
11-17 18:30:37 com_github_MitjaNemec_PlaceFootprints.place_footprints 156:Footprint S45 on root level
11-17 18:30:37 com_github_MitjaNemec_PlaceFootprints.place_footprints 156:Footprint S43 on root level
11-17 18:30:37 com_github_MitjaNemec_PlaceFootprints.place_footprints 156:Footprint D38 on root level
11-17 18:30:37 com_github_MitjaNemec_PlaceFootprints.place_footprints 156:Footprint S41 on root level
11-17 18:30:37 com_github_MitjaNemec_PlaceFootprints.place_footprints 156:Footprint S38 on root level
11-17 18:30:37 com_github_MitjaNemec_PlaceFootprints.place_footprints 156:Footprint D74 on root level
11-17 18:30:37 com_github_MitjaNemec_PlaceFootprints.place_footprints 156:Footprint D83 on root level
11-17 18:30:37 com_github_MitjaNemec_PlaceFootprints.place_footprints 156:Footprint S75 on root level
11-17 18:30:37 com_github_MitjaNemec_PlaceFootprints.place_footprints 156:Footprint S35 on root level
11-17 18:30:37 com_github_MitjaNemec_PlaceFootprints.place_footprints 156:Footprint D72 on root level
11-17 18:30:37 com_github_MitjaNemec_PlaceFootprints.place_footprints 156:Footprint S57 on root level
11-17 18:30:37 com_github_MitjaNemec_PlaceFootprints.place_footprints 156:Footprint D76 on root level
11-17 18:30:37 com_github_MitjaNemec_PlaceFootprints.place_footprints 156:Footprint D47 on root level
11-17 18:30:37 com_github_MitjaNemec_PlaceFootprints.place_footprints 156:Footprint S49 on root level
11-17 18:30:37 com_github_MitjaNemec_PlaceFootprints.place_footprints 156:Footprint S40 on root level
11-17 18:30:37 com_github_MitjaNemec_PlaceFootprints.place_footprints 156:Footprint D49 on root level
11-17 18:30:37 com_github_MitjaNemec_PlaceFootprints.place_footprints 156:Footprint S51 on root level
11-17 18:30:37 com_github_MitjaNemec_PlaceFootprints.place_footprints 156:Footprint D43 on root level
11-17 18:30:37 com_github_MitjaNemec_PlaceFootprints.place_footprints 156:Footprint S52 on root level
11-17 18:30:37 com_github_MitjaNemec_PlaceFootprints.place_footprints 156:Footprint S69 on root level
11-17 18:30:37 com_github_MitjaNemec_PlaceFootprints.place_footprints 156:Footprint D41 on root level
11-17 18:30:37 com_github_MitjaNemec_PlaceFootprints.place_footprints 156:Footprint S72 on root level
11-17 18:30:37 com_github_MitjaNemec_PlaceFootprints.place_footprints 156:Footprint S47 on root level
11-17 18:30:37 com_github_MitjaNemec_PlaceFootprints.place_footprints 156:Footprint D77 on root level
11-17 18:30:37 com_github_MitjaNemec_PlaceFootprints.place_footprints 156:Footprint D79 on root level
11-17 18:30:37 com_github_MitjaNemec_PlaceFootprints.place_footprints 156:Footprint S53 on root level
11-17 18:30:37 com_github_MitjaNemec_PlaceFootprints.place_footprints 156:Footprint D67 on root level
11-17 18:30:37 com_github_MitjaNemec_PlaceFootprints.place_footprints 156:Footprint D35 on root level
11-17 18:30:37 com_github_MitjaNemec_PlaceFootprints.place_footprints 156:Footprint S56 on root level
11-17 18:30:37 com_github_MitjaNemec_PlaceFootprints.place_footprints 156:Footprint D22 on root level
11-17 18:30:37 com_github_MitjaNemec_PlaceFootprints.place_footprints 156:Footprint D11 on root level
11-17 18:30:37 com_github_MitjaNemec_PlaceFootprints.place_footprints 156:Footprint D32 on root level
11-17 18:30:37 com_github_MitjaNemec_PlaceFootprints.place_footprints 156:Footprint D28 on root level
11-17 18:30:37 com_github_MitjaNemec_PlaceFootprints.place_footprints 156:Footprint D9 on root level
11-17 18:30:37 com_github_MitjaNemec_PlaceFootprints.place_footprints 156:Footprint S12 on root level
11-17 18:30:37 com_github_MitjaNemec_PlaceFootprints.place_footprints 156:Footprint D13 on root level
11-17 18:30:37 com_github_MitjaNemec_PlaceFootprints.place_footprints 156:Footprint S16 on root level
11-17 18:30:37 com_github_MitjaNemec_PlaceFootprints.place_footprints 156:Footprint D17 on root level
11-17 18:30:37 com_github_MitjaNemec_PlaceFootprints.place_footprints 156:Footprint S32 on root level
11-17 18:30:37 com_github_MitjaNemec_PlaceFootprints.place_footprints 156:Footprint D15 on root level
11-17 18:30:37 com_github_MitjaNemec_PlaceFootprints.place_footprints 156:Footprint D34 on root level
11-17 18:30:37 com_github_MitjaNemec_PlaceFootprints.place_footprints 156:Footprint S33 on root level
11-17 18:30:37 com_github_MitjaNemec_PlaceFootprints.place_footprints 156:Footprint S34 on root level
11-17 18:30:37 com_github_MitjaNemec_PlaceFootprints.place_footprints 156:Footprint S7 on root level
11-17 18:30:37 com_github_MitjaNemec_PlaceFootprints.place_footprints 156:Footprint D30 on root level
11-17 18:30:37 com_github_MitjaNemec_PlaceFootprints.place_footprints 156:Footprint S28 on root level
11-17 18:30:37 com_github_MitjaNemec_PlaceFootprints.place_footprints 156:Footprint D87 on root level
11-17 18:30:37 com_github_MitjaNemec_PlaceFootprints.place_footprints 156:Footprint S21 on root level
11-17 18:30:37 com_github_MitjaNemec_PlaceFootprints.place_footprints 156:Footprint S31 on root level
11-17 18:30:37 com_github_MitjaNemec_PlaceFootprints.place_footprints 156:Footprint D27 on root level
11-17 18:30:37 com_github_MitjaNemec_PlaceFootprints.place_footprints 156:Footprint D31 on root level
11-17 18:30:37 com_github_MitjaNemec_PlaceFootprints.place_footprints 156:Footprint D18 on root level
11-17 18:30:37 com_github_MitjaNemec_PlaceFootprints.place_footprints 156:Footprint S10 on root level
11-17 18:30:37 com_github_MitjaNemec_PlaceFootprints.place_footprints 156:Footprint D23 on root level
11-17 18:30:37 com_github_MitjaNemec_PlaceFootprints.place_footprints 156:Footprint S3 on root level
11-17 18:30:37 com_github_MitjaNemec_PlaceFootprints.place_footprints 156:Footprint S15 on root level
11-17 18:30:37 com_github_MitjaNemec_PlaceFootprints.place_footprints 156:Footprint S25 on root level
11-17 18:30:37 com_github_MitjaNemec_PlaceFootprints.place_footprints 156:Footprint D8 on root level
11-17 18:30:37 com_github_MitjaNemec_PlaceFootprints.place_footprints 156:Footprint S14 on root level
11-17 18:30:37 com_github_MitjaNemec_PlaceFootprints.place_footprints 156:Footprint S1 on root level
11-17 18:30:37 com_github_MitjaNemec_PlaceFootprints.place_footprints 156:Footprint S19 on root level
11-17 18:30:37 com_github_MitjaNemec_PlaceFootprints.place_footprints 156:Footprint S4 on root level
11-17 18:30:37 com_github_MitjaNemec_PlaceFootprints.place_footprints 156:Footprint S13 on root level
11-17 18:30:37 com_github_MitjaNemec_PlaceFootprints.place_footprints 156:Footprint S26 on root level
11-17 18:30:37 com_github_MitjaNemec_PlaceFootprints.place_footprints 156:Footprint D26 on root level
11-17 18:30:37 com_github_MitjaNemec_PlaceFootprints.place_footprints 156:Footprint D21 on root level
11-17 18:30:37 com_github_MitjaNemec_PlaceFootprints.place_footprints 156:Footprint D20 on root level
11-17 18:30:37 com_github_MitjaNemec_PlaceFootprints.place_footprints 156:Footprint S2 on root level
11-17 18:30:37 com_github_MitjaNemec_PlaceFootprints.place_footprints 156:Footprint S29 on root level
11-17 18:30:37 com_github_MitjaNemec_PlaceFootprints.place_footprints 156:Footprint D16 on root level
11-17 18:30:37 com_github_MitjaNemec_PlaceFootprints.place_footprints 156:Footprint D24 on root level
11-17 18:30:37 com_github_MitjaNemec_PlaceFootprints.place_footprints 156:Footprint S9 on root level
11-17 18:30:37 com_github_MitjaNemec_PlaceFootprints.place_footprints 156:Footprint S27 on root level
11-17 18:30:37 com_github_MitjaNemec_PlaceFootprints.place_footprints 156:Footprint S18 on root level
11-17 18:30:37 com_github_MitjaNemec_PlaceFootprints.place_footprints 156:Footprint S30 on root level
11-17 18:30:37 com_github_MitjaNemec_PlaceFootprints.place_footprints 156:Footprint D33 on root level
11-17 18:30:37 com_github_MitjaNemec_PlaceFootprints.place_footprints 156:Footprint D4 on root level
11-17 18:30:37 com_github_MitjaNemec_PlaceFootprints.place_footprints 156:Footprint D5 on root level
11-17 18:30:37 com_github_MitjaNemec_PlaceFootprints.place_footprints 156:Footprint D29 on root level
11-17 18:30:37 com_github_MitjaNemec_PlaceFootprints.place_footprints 156:Footprint D2 on root level
11-17 18:30:37 com_github_MitjaNemec_PlaceFootprints.place_footprints 156:Footprint D7 on root level
11-17 18:30:37 com_github_MitjaNemec_PlaceFootprints.place_footprints 156:Footprint D14 on root level
11-17 18:30:37 com_github_MitjaNemec_PlaceFootprints.place_footprints 156:Footprint S22 on root level
11-17 18:30:37 com_github_MitjaNemec_PlaceFootprints.place_footprints 156:Footprint S8 on root level
11-17 18:30:37 com_github_MitjaNemec_PlaceFootprints.place_footprints 156:Footprint D19 on root level
11-17 18:30:37 com_github_MitjaNemec_PlaceFootprints.place_footprints 156:Footprint S17 on root level
11-17 18:30:37 com_github_MitjaNemec_PlaceFootprints.place_footprints 156:Footprint S23 on root level
11-17 18:30:37 com_github_MitjaNemec_PlaceFootprints.place_footprints 156:Footprint S5 on root level
11-17 18:30:37 com_github_MitjaNemec_PlaceFootprints.place_footprints 156:Footprint S87 on root level
11-17 18:30:37 com_github_MitjaNemec_PlaceFootprints.place_footprints 156:Footprint S24 on root level
11-17 18:30:37 com_github_MitjaNemec_PlaceFootprints.place_footprints 156:Footprint S6 on root level
11-17 18:30:37 com_github_MitjaNemec_PlaceFootprints.place_footprints 156:Footprint D10 on root level
11-17 18:30:37 com_github_MitjaNemec_PlaceFootprints.place_footprints 156:Footprint D12 on root level
11-17 18:30:37 com_github_MitjaNemec_PlaceFootprints.place_footprints 156:Footprint D3 on root level
11-17 18:30:37 com_github_MitjaNemec_PlaceFootprints.place_footprints 156:Footprint D1 on root level
11-17 18:30:37 com_github_MitjaNemec_PlaceFootprints.place_footprints 156:Footprint S20 on root level
11-17 18:30:37 com_github_MitjaNemec_PlaceFootprints.place_footprints 156:Footprint D6 on root level
11-17 18:30:37 com_github_MitjaNemec_PlaceFootprints.place_footprints 156:Footprint S11 on root level
11-17 18:30:37 com_github_MitjaNemec_PlaceFootprints.place_footprints 156:Footprint D25 on root level
